{"C:\\Users\\dubhc\\Documents\\sparks-todo\\test.js":{"path":"C:\\Users\\dubhc\\Documents\\sparks-todo\\test.js","s":{"1":1,"2":1,"3":1,"4":1,"5":1,"6":1,"7":1,"8":1,"9":1,"10":1,"11":1,"12":1,"13":1,"14":1,"15":1,"16":1,"17":1,"18":1,"19":1,"20":1,"21":1,"22":1,"23":1,"24":1,"25":1,"26":1,"27":1,"28":1,"29":1,"30":1,"31":1,"32":1,"33":1,"34":1,"35":1,"36":1,"37":1,"38":1,"39":1,"40":1,"41":1,"42":1,"43":1,"44":1,"45":1,"46":1,"47":1,"48":1,"49":1,"50":1,"51":1,"52":1,"53":1,"54":1,"55":1,"56":1,"57":1,"58":1,"59":1,"60":1,"61":1,"62":1,"63":1,"64":1,"65":1},"b":{},"f":{"1":1,"2":1,"3":1,"4":1,"5":1},"fnMap":{"1":{"name":"(anonymous_1)","line":28,"loc":{"start":{"line":28,"column":16},"end":{"line":28,"column":29}}},"2":{"name":"(anonymous_2)","line":33,"loc":{"start":{"line":33,"column":32},"end":{"line":33,"column":45}}},"3":{"name":"(anonymous_3)","line":41,"loc":{"start":{"line":41,"column":48},"end":{"line":41,"column":61}}},"4":{"name":"(anonymous_4)","line":51,"loc":{"start":{"line":51,"column":69},"end":{"line":51,"column":82}}},"5":{"name":"(anonymous_5)","line":59,"loc":{"start":{"line":59,"column":65},"end":{"line":59,"column":78}}}},"statementMap":{"1":{"start":{"line":1,"column":0},"end":{"line":1,"column":27}},"2":{"start":{"line":2,"column":0},"end":{"line":2,"column":31}},"3":{"start":{"line":4,"column":0},"end":{"line":19,"column":2}},"4":{"start":{"line":21,"column":0},"end":{"line":25,"column":3}},"5":{"start":{"line":28,"column":0},"end":{"line":31,"column":3}},"6":{"start":{"line":29,"column":2},"end":{"line":29,"column":11}},"7":{"start":{"line":30,"column":2},"end":{"line":30,"column":10}},"8":{"start":{"line":33,"column":0},"end":{"line":39,"column":2}},"9":{"start":{"line":34,"column":2},"end":{"line":34,"column":59}},"10":{"start":{"line":35,"column":2},"end":{"line":35,"column":42}},"11":{"start":{"line":36,"column":2},"end":{"line":36,"column":24}},"12":{"start":{"line":37,"column":2},"end":{"line":37,"column":61}},"13":{"start":{"line":38,"column":2},"end":{"line":38,"column":10}},"14":{"start":{"line":41,"column":0},"end":{"line":49,"column":2}},"15":{"start":{"line":42,"column":2},"end":{"line":42,"column":40}},"16":{"start":{"line":43,"column":2},"end":{"line":43,"column":59}},"17":{"start":{"line":44,"column":2},"end":{"line":44,"column":30}},"18":{"start":{"line":46,"column":2},"end":{"line":46,"column":40}},"19":{"start":{"line":47,"column":2},"end":{"line":47,"column":65}},"20":{"start":{"line":48,"column":2},"end":{"line":48,"column":10}},"21":{"start":{"line":51,"column":0},"end":{"line":57,"column":3}},"22":{"start":{"line":52,"column":2},"end":{"line":52,"column":59}},"23":{"start":{"line":53,"column":2},"end":{"line":53,"column":61}},"24":{"start":{"line":54,"column":2},"end":{"line":54,"column":29}},"25":{"start":{"line":55,"column":2},"end":{"line":55,"column":59}},"26":{"start":{"line":56,"column":2},"end":{"line":56,"column":10}},"27":{"start":{"line":59,"column":0},"end":{"line":65,"column":3}},"28":{"start":{"line":60,"column":2},"end":{"line":60,"column":59}},"29":{"start":{"line":61,"column":2},"end":{"line":61,"column":54}},"30":{"start":{"line":62,"column":2},"end":{"line":62,"column":25}},"31":{"start":{"line":63,"column":2},"end":{"line":63,"column":55}},"32":{"start":{"line":64,"column":2},"end":{"line":64,"column":10}},"33":{"start":{"line":67,"column":0},"end":{"line":73,"column":3}},"34":{"start":{"line":68,"column":2},"end":{"line":68,"column":54}},"35":{"start":{"line":69,"column":2},"end":{"line":69,"column":34}},"36":{"start":{"line":70,"column":2},"end":{"line":70,"column":21}},"37":{"start":{"line":71,"column":2},"end":{"line":71,"column":57}},"38":{"start":{"line":72,"column":2},"end":{"line":72,"column":10}},"39":{"start":{"line":76,"column":0},"end":{"line":82,"column":3}},"40":{"start":{"line":77,"column":2},"end":{"line":77,"column":54}},"41":{"start":{"line":78,"column":2},"end":{"line":78,"column":56}},"42":{"start":{"line":79,"column":2},"end":{"line":79,"column":25}},"43":{"start":{"line":80,"column":2},"end":{"line":80,"column":65}},"44":{"start":{"line":81,"column":2},"end":{"line":81,"column":10}},"45":{"start":{"line":87,"column":0},"end":{"line":94,"column":3}},"46":{"start":{"line":88,"column":2},"end":{"line":88,"column":52}},"47":{"start":{"line":89,"column":2},"end":{"line":89,"column":34}},"48":{"start":{"line":90,"column":2},"end":{"line":90,"column":25}},"49":{"start":{"line":91,"column":2},"end":{"line":91,"column":24}},"50":{"start":{"line":92,"column":2},"end":{"line":92,"column":58}},"51":{"start":{"line":93,"column":2},"end":{"line":93,"column":10}},"52":{"start":{"line":96,"column":0},"end":{"line":103,"column":3}},"53":{"start":{"line":97,"column":2},"end":{"line":97,"column":52}},"54":{"start":{"line":98,"column":2},"end":{"line":98,"column":34}},"55":{"start":{"line":99,"column":2},"end":{"line":99,"column":25}},"56":{"start":{"line":100,"column":2},"end":{"line":100,"column":25}},"57":{"start":{"line":101,"column":2},"end":{"line":101,"column":59}},"58":{"start":{"line":102,"column":2},"end":{"line":102,"column":10}},"59":{"start":{"line":105,"column":0},"end":{"line":112,"column":3}},"60":{"start":{"line":106,"column":2},"end":{"line":106,"column":52}},"61":{"start":{"line":107,"column":2},"end":{"line":107,"column":34}},"62":{"start":{"line":108,"column":2},"end":{"line":108,"column":25}},"63":{"start":{"line":109,"column":2},"end":{"line":109,"column":25}},"64":{"start":{"line":110,"column":2},"end":{"line":110,"column":72}},"65":{"start":{"line":111,"column":2},"end":{"line":111,"column":10}}},"branchMap":{}},"C:\\Users\\dubhc\\Documents\\sparks-todo\\logic.js":{"path":"C:\\Users\\dubhc\\Documents\\sparks-todo\\logic.js","s":{"1":1,"2":1,"3":1,"4":5,"5":1,"6":10,"7":30,"8":5,"9":5,"10":2,"11":6,"12":3,"13":9,"14":3,"15":3,"16":3,"17":6,"18":1,"19":1},"b":{"1":[3,6],"2":[1,0]},"f":{"1":1,"2":5,"3":10,"4":30,"5":5,"6":2,"7":6,"8":3,"9":9,"10":0},"fnMap":{"1":{"name":"(anonymous_1)","line":8,"loc":{"start":{"line":8,"column":17},"end":{"line":8,"column":29}}},"2":{"name":"incrementCounter","line":11,"loc":{"start":{"line":11,"column":8},"end":{"line":11,"column":36}}},"3":{"name":"(anonymous_3)","line":20,"loc":{"start":{"line":20,"column":25},"end":{"line":20,"column":42}}},"4":{"name":"(anonymous_4)","line":21,"loc":{"start":{"line":21,"column":25},"end":{"line":21,"column":41}}},"5":{"name":"(anonymous_5)","line":26,"loc":{"start":{"line":26,"column":13},"end":{"line":26,"column":39}}},"6":{"name":"(anonymous_6)","line":41,"loc":{"start":{"line":41,"column":16},"end":{"line":41,"column":45}}},"7":{"name":"(anonymous_7)","line":42,"loc":{"start":{"line":42,"column":63},"end":{"line":42,"column":79}}},"8":{"name":"(anonymous_8)","line":49,"loc":{"start":{"line":49,"column":14},"end":{"line":49,"column":41}}},"9":{"name":"(anonymous_9)","line":50,"loc":{"start":{"line":50,"column":60},"end":{"line":50,"column":76}}},"10":{"name":"(anonymous_10)","line":66,"loc":{"start":{"line":66,"column":15},"end":{"line":66,"column":46}}}},"statementMap":{"1":{"start":{"line":5,"column":0},"end":{"line":72,"column":2}},"2":{"start":{"line":9,"column":8},"end":{"line":9,"column":26}},"3":{"start":{"line":11,"column":8},"end":{"line":13,"column":9}},"4":{"start":{"line":12,"column":12},"end":{"line":12,"column":36}},"5":{"start":{"line":15,"column":8},"end":{"line":15,"column":32}},"6":{"start":{"line":21,"column":8},"end":{"line":23,"column":11}},"7":{"start":{"line":22,"column":12},"end":{"line":22,"column":52}},"8":{"start":{"line":27,"column":8},"end":{"line":31,"column":10}},"9":{"start":{"line":35,"column":8},"end":{"line":35,"column":74}},"10":{"start":{"line":42,"column":8},"end":{"line":44,"column":11}},"11":{"start":{"line":43,"column":12},"end":{"line":43,"column":41}},"12":{"start":{"line":50,"column":8},"end":{"line":59,"column":11}},"13":{"start":{"line":51,"column":12},"end":{"line":58,"column":11}},"14":{"start":{"line":52,"column":16},"end":{"line":52,"column":47}},"15":{"start":{"line":53,"column":16},"end":{"line":53,"column":39}},"16":{"start":{"line":54,"column":16},"end":{"line":54,"column":28}},"17":{"start":{"line":57,"column":12},"end":{"line":57,"column":24}},"18":{"start":{"line":83,"column":0},"end":{"line":85,"column":1}},"19":{"start":{"line":84,"column":4},"end":{"line":84,"column":35}}},"branchMap":{"1":{"line":51,"type":"if","locations":[{"start":{"line":51,"column":12},"end":{"line":51,"column":12}},{"start":{"line":51,"column":12},"end":{"line":51,"column":12}}]},"2":{"line":83,"type":"if","locations":[{"start":{"line":83,"column":0},"end":{"line":83,"column":0}},{"start":{"line":83,"column":0},"end":{"line":83,"column":0}}]}}}}